<?xml version="1.0" encoding="UTF-8"?>
<testng-results skipped="0" failed="0" ignored="0" total="1" passed="1">
  <reporter-output>
  </reporter-output>
  <suite name="Surefire suite" duration-ms="38" started-at="2020-01-05T09:57:20Z" finished-at="2020-01-05T09:57:20Z">
    <groups>
    </groups>
    <test name="Surefire test" duration-ms="38" started-at="2020-01-05T09:57:20Z" finished-at="2020-01-05T09:57:20Z">
      <class name="org.apache.pulsar.io.ignite.IgniteAbstractSinkTest">
        <test-method status="PASS" signature="shouldAnswerWithTrue()" name="shouldAnswerWithTrue" duration-ms="6" started-at="2020-01-05T09:57:20Z" finished-at="2020-01-05T09:57:20Z">
          <reporter-output>
          </reporter-output>
        </test-method> <!-- shouldAnswerWithTrue -->
      </class> <!-- org.apache.pulsar.io.ignite.IgniteAbstractSinkTest -->
    </test> <!-- Surefire test -->
  </suite> <!-- Surefire suite -->
</testng-results>
