<?xml version="1.0" encoding="UTF-8"?>
<testsuite xmlns:xsi="http://www.w3.org/2001/XMLSchema-instance" xsi:noNamespaceSchemaLocation="https://maven.apache.org/surefire/maven-surefire-plugin/xsd/surefire-test-report-3.0.xsd" version="3.0" name="org.apache.pulsar.functions.api.publishexample.AppTest" time="0.65" tests="1" errors="0" skipped="0" failures="0">
  <properties>
[...]
</properties>
  <testcase name="shouldAnswerWithTrue on shouldAnswerWithTrue(org.apache.pulsar.functions.api.publishexample.AppTest)" classname="org.apache.pulsar.functions.api.publishexample.AppTest" time="0.002"/>
</testsuite>