<?xml version="1.0" encoding="UTF-8"?>
<testng-results skipped="0" failed="0" ignored="0" total="1" passed="1">
  <reporter-output>
  </reporter-output>
  <suite name="Surefire suite" duration-ms="37" started-at="2020-01-11T11:05:24Z" finished-at="2020-01-11T11:05:24Z">
    <groups>
    </groups>
    <test name="Surefire test" duration-ms="37" started-at="2020-01-11T11:05:24Z" finished-at="2020-01-11T11:05:24Z">
      <class name="org.apache.pulsar.functions.api.publishexample.AppTest">
        <test-method status="PASS" signature="shouldAnswerWithTrue()" name="shouldAnswerWithTrue" duration-ms="5" started-at="2020-01-11T11:05:24Z" finished-at="2020-01-11T11:05:24Z">
          <reporter-output>
          </reporter-output>
        </test-method> <!-- shouldAnswerWithTrue -->
      </class> <!-- org.apache.pulsar.functions.api.publishexample.AppTest -->
    </test> <!-- Surefire test -->
  </suite> <!-- Surefire suite -->
</testng-results>
